-------------------------------------------------------------------------------
Test set: com.example.gestionscolaire.ProduitServiceApplicationTests
-------------------------------------------------------------------------------
Tests run: 1, Failures: 0, Errors: 1, Skipped: 0, Time elapsed: 2.232 s <<< FAILURE! - in com.example.gestionscolaire.ProduitServiceApplicationTests
shouldCreateProduct  Time elapsed: 0.002 s  <<< ERROR!
java.lang.IllegalStateException: Failed to load ApplicationContext
Caused by: java.lang.IllegalStateException: Error processing condition on org.springframework.boot.autoconfigure.data.mongo.MongoDbFactoryDependentConfiguration
Caused by: java.lang.IllegalStateException: Failed to introspect Class [org.springframework.boot.autoconfigure.data.mongo.MongoDbFactoryConfiguration] from ClassLoader [jdk.internal.loader.ClassLoaders$AppClassLoader@2cdf8d8a]
Caused by: java.lang.NoClassDefFoundError: org/springframework/data/mongodb/core/SimpleMongoDbFactory
Caused by: java.lang.ClassNotFoundException: org.springframework.data.mongodb.core.SimpleMongoDbFactory

